Using pre-set license
Built from '2020.3/release' branch; Version is '2020.3.7f1 (dd97f2c94397) revision 14522354'; Using compiler version '192528614'; Build Type 'Release'
OS: 'Windows 10 Home; OS build 19042.985; Version 2009; 64bit' Language: 'en' Physical Memory: 8042 MB
BatchMode: 1, IsHumanControllingUs: 0, StartBugReporterOnCrash: 0, Is64bit: 1, IsPro: 0

 COMMAND LINE ARGUMENTS:
C:\Program Files\Unity\Hub\Editor\2020.3.7f1\Editor\Unity.exe
-adb2
-batchMode
-noUpm
-name
AssetImportWorker0
-projectPath
C:/Users/aaron/Documents/GitHub/AR-EggFriend/AR Module Project
-logFile
Logs/AssetImportWorker0.log
-srvPort
60080
Successfully changed project path to: C:/Users/aaron/Documents/GitHub/AR-EggFriend/AR Module Project
C:/Users/aaron/Documents/GitHub/AR-EggFriend/AR Module Project
Using Asset Import Pipeline V2.
Refreshing native plugins compatible for Editor in 53.38 ms, found 7 plugins.
Preloading 1 native plugins for Editor in 1.13 ms.
Initialize engine version: 2020.3.7f1 (dd97f2c94397)
[Subsystems] Discovering subsystems at path C:/Program Files/Unity/Hub/Editor/2020.3.7f1/Editor/Data/Resources/UnitySubsystems
[Subsystems] Discovering subsystems at path C:/Users/aaron/Documents/GitHub/AR-EggFriend/AR Module Project/Assets
GfxDevice: creating device client; threaded=0
Direct3D:
    Version:  Direct3D 11.0 [level 11.1]
    Renderer: NVIDIA GeForce GTX 1060 (ID=0x1c20)
    Vendor:   
    VRAM:     6052 MB
    Driver:   27.21.14.5167
Initialize mono
Mono path[0] = 'C:/Program Files/Unity/Hub/Editor/2020.3.7f1/Editor/Data/Managed'
Mono path[1] = 'C:/Program Files/Unity/Hub/Editor/2020.3.7f1/Editor/Data/MonoBleedingEdge/lib/mono/unityjit'
Mono config path = 'C:/Program Files/Unity/Hub/Editor/2020.3.7f1/Editor/Data/MonoBleedingEdge/etc'
Using monoOptions --debugger-agent=transport=dt_socket,embedding=1,server=y,suspend=n,address=127.0.0.1:56020
Begin MonoManager ReloadAssembly
Registering precompiled unity dll's ...
Register platform support module: C:/Program Files/Unity/Hub/Editor/2020.3.7f1/Editor/Data/PlaybackEngines/WindowsStandaloneSupport/UnityEditor.WindowsStandalone.Extensions.dll
Registered in 0.002828 seconds.
Native extension for WindowsStandalone target not found
Refreshing native plugins compatible for Editor in 41.28 ms, found 7 plugins.
Preloading 1 native plugins for Editor in 0.13 ms.
Mono: successfully reloaded assembly
- Completed reload, in  2.079 seconds
Platform modules already initialized, skipping
Registering precompiled user dll's ...
Registered in 0.009026 seconds.
Begin MonoManager ReloadAssembly
Native extension for WindowsStandalone target not found
Refreshing native plugins compatible for Editor in 40.46 ms, found 7 plugins.
Preloading 1 native plugins for Editor in 0.12 ms.
Mono: successfully reloaded assembly
- Completed reload, in  0.955 seconds
Platform modules already initialized, skipping
========================================================================
Worker process is ready to serve import requests
Launched and connected shader compiler UnityShaderCompiler.exe after 0.04 seconds
Refreshing native plugins compatible for Editor in 0.60 ms, found 7 plugins.
Preloading 1 native plugins for Editor in 0.11 ms.
Unloading 2148 Unused Serialized files (Serialized files now loaded: 0)
System memory in use before: 90.7 MB.
System memory in use after: 90.8 MB.

Unloading 19 unused Assets to reduce memory usage. Loaded Objects now: 2585.
Total: 1.943300 ms (FindLiveObjects: 0.216000 ms CreateObjectMapping: 0.076500 ms MarkObjects: 1.576700 ms  DeleteObjects: 0.073300 ms)

========================================================================
Received Import Request.
  path: Assets/World Origin.mat
  artifactKey: Guid(60b2f8f3d198aad429c2c5fe886b6182) Importer(815301076,1909f56bfc062723c751e8b465ee728b)
Start importing Assets/World Origin.mat using Guid(60b2f8f3d198aad429c2c5fe886b6182) Importer(815301076,1909f56bfc062723c751e8b465ee728b)  -> (artifact id: 'f94f4ab61e77634ba9c8b71a85dff60b') in 0.204066 seconds
  Import took 0.207273 seconds .

========================================================================
Received Import Request.
  Time since last request: 27.048749 seconds.
  path: Assets/World Origin.mat
  artifactKey: Guid(60b2f8f3d198aad429c2c5fe886b6182) Importer(815301076,1909f56bfc062723c751e8b465ee728b)
Start importing Assets/World Origin.mat using Guid(60b2f8f3d198aad429c2c5fe886b6182) Importer(815301076,1909f56bfc062723c751e8b465ee728b)  -> (artifact id: '86a8416ddf13b2121375c960643f1083') in 0.025248 seconds
  Import took 0.029883 seconds .

========================================================================
Received Prepare
Refreshing native plugins compatible for Editor in 71.59 ms, found 7 plugins.
Preloading 1 native plugins for Editor in 0.12 ms.
Unloading 10 Unused Serialized files (Serialized files now loaded: 0)
System memory in use before: 50.1 MB.
System memory in use after: 50.2 MB.

Unloading 9 unused Assets to reduce memory usage. Loaded Objects now: 2626.
Total: 2.838400 ms (FindLiveObjects: 0.207200 ms CreateObjectMapping: 0.076700 ms MarkObjects: 2.499400 ms  DeleteObjects: 0.053600 ms)

========================================================================
Received Prepare
Refreshing native plugins compatible for Editor in 2.99 ms, found 7 plugins.
Preloading 1 native plugins for Editor in 0.10 ms.
Unloading 9 Unused Serialized files (Serialized files now loaded: 0)
System memory in use before: 50.0 MB.
System memory in use after: 50.1 MB.

Unloading 9 unused Assets to reduce memory usage. Loaded Objects now: 2626.
Total: 5.091600 ms (FindLiveObjects: 0.388400 ms CreateObjectMapping: 0.181800 ms MarkObjects: 4.446600 ms  DeleteObjects: 0.072200 ms)

========================================================================
Received Import Request.
  Time since last request: 1342.301215 seconds.
  path: Assets/AddAnchorOnAwake.cs
  artifactKey: Guid(9716942b89e31cb40bbbb6f27a3727f2) Importer(815301076,1909f56bfc062723c751e8b465ee728b)
Start importing Assets/AddAnchorOnAwake.cs using Guid(9716942b89e31cb40bbbb6f27a3727f2) Importer(815301076,1909f56bfc062723c751e8b465ee728b)  -> (artifact id: '67f3fed8a840deb762f19151889bf7fb') in 0.020935 seconds
  Import took 0.027963 seconds .

========================================================================
Received Prepare
Registering precompiled user dll's ...
Registered in 0.626979 seconds.
Begin MonoManager ReloadAssembly
Native extension for WindowsStandalone target not found
Refreshing native plugins compatible for Editor in 0.98 ms, found 7 plugins.
Preloading 1 native plugins for Editor in 0.26 ms.
Mono: successfully reloaded assembly
- Completed reload, in  2.188 seconds
Platform modules already initialized, skipping
Switching build target platform(5) subTarget(0) extendedPlatform(0) -> platform(13) subTarget(589824) extendedPlatform(0)
Refreshing native plugins compatible for Editor in 0.64 ms, found 7 plugins.
Preloading 1 native plugins for Editor in 0.14 ms.
Unloading 2102 Unused Serialized files (Serialized files now loaded: 0)
System memory in use before: 91.2 MB.
System memory in use after: 91.3 MB.

Unloading 12 unused Assets to reduce memory usage. Loaded Objects now: 2632.
Total: 8.926200 ms (FindLiveObjects: 0.767000 ms CreateObjectMapping: 0.109300 ms MarkObjects: 7.756800 ms  DeleteObjects: 0.291900 ms)

AssetImportParameters requested are different than current active one (requested -> active):
  custom:graphics/normal-map-encoding: 01000000000000000000000000000000 -> 02000000000000000000000000000000
========================================================================
Received Import Request.
  Time since last request: 96.137493 seconds.
  path: Assets/AddAnchorOnAwake.cs
  artifactKey: Guid(9716942b89e31cb40bbbb6f27a3727f2) Importer(815301076,1909f56bfc062723c751e8b465ee728b)
Start importing Assets/AddAnchorOnAwake.cs using Guid(9716942b89e31cb40bbbb6f27a3727f2) Importer(815301076,1909f56bfc062723c751e8b465ee728b)  -> (artifact id: '625d07baa5e7d26539ab7a440c694158') in 0.019431 seconds
  Import took 0.024339 seconds .

========================================================================
Received Import Request.
  Time since last request: 0.038009 seconds.
  path: Assets/AddAnchorOnAwake.cs
  artifactKey: Guid(9716942b89e31cb40bbbb6f27a3727f2) Importer(815301076,1909f56bfc062723c751e8b465ee728b)
Start importing Assets/AddAnchorOnAwake.cs using Guid(9716942b89e31cb40bbbb6f27a3727f2) Importer(815301076,1909f56bfc062723c751e8b465ee728b)  -> (artifact id: '625d07baa5e7d26539ab7a440c694158') in 0.005059 seconds
  Import took 0.011081 seconds .

========================================================================
Received Prepare
Registering precompiled user dll's ...
Registered in 0.023474 seconds.
Begin MonoManager ReloadAssembly
Native extension for WindowsStandalone target not found
Refreshing native plugins compatible for Editor in 0.63 ms, found 7 plugins.
Preloading 1 native plugins for Editor in 0.12 ms.
Mono: successfully reloaded assembly
- Completed reload, in  0.929 seconds
Platform modules already initialized, skipping
Switching build target platform(5) subTarget(0) extendedPlatform(0) -> platform(13) subTarget(589824) extendedPlatform(0)
Refreshing native plugins compatible for Editor in 0.60 ms, found 7 plugins.
Preloading 1 native plugins for Editor in 0.11 ms.
Unloading 2102 Unused Serialized files (Serialized files now loaded: 0)
System memory in use before: 91.2 MB.
System memory in use after: 91.3 MB.

Unloading 12 unused Assets to reduce memory usage. Loaded Objects now: 2637.
Total: 4.862900 ms (FindLiveObjects: 0.468000 ms CreateObjectMapping: 0.216500 ms MarkObjects: 4.069300 ms  DeleteObjects: 0.107100 ms)

AssetImportParameters requested are different than current active one (requested -> active):
  custom:graphics/normal-map-encoding: 01000000000000000000000000000000 -> 02000000000000000000000000000000
========================================================================
Received Prepare
Refreshing native plugins compatible for Editor in 6.32 ms, found 7 plugins.
Preloading 1 native plugins for Editor in 0.12 ms.
Unloading 9 Unused Serialized files (Serialized files now loaded: 0)
System memory in use before: 49.9 MB.
System memory in use after: 50.0 MB.

Unloading 9 unused Assets to reduce memory usage. Loaded Objects now: 2637.
Total: 2.414800 ms (FindLiveObjects: 0.245400 ms CreateObjectMapping: 0.093800 ms MarkObjects: 2.024600 ms  DeleteObjects: 0.049800 ms)

========================================================================
Received Prepare
Refreshing native plugins compatible for Editor in 3.64 ms, found 7 plugins.
Preloading 1 native plugins for Editor in 0.15 ms.
Unloading 9 Unused Serialized files (Serialized files now loaded: 0)
System memory in use before: 49.9 MB.
System memory in use after: 50.0 MB.

Unloading 9 unused Assets to reduce memory usage. Loaded Objects now: 2637.
Total: 34.205900 ms (FindLiveObjects: 1.775200 ms CreateObjectMapping: 0.185300 ms MarkObjects: 32.137400 ms  DeleteObjects: 0.100300 ms)

========================================================================
Received Prepare
Registering precompiled user dll's ...
Registered in 0.034232 seconds.
Begin MonoManager ReloadAssembly
Native extension for WindowsStandalone target not found
Refreshing native plugins compatible for Editor in 0.71 ms, found 7 plugins.
Preloading 1 native plugins for Editor in 0.13 ms.
Mono: successfully reloaded assembly
- Completed reload, in  1.087 seconds
Platform modules already initialized, skipping
Switching build target platform(5) subTarget(0) extendedPlatform(0) -> platform(13) subTarget(589824) extendedPlatform(0)
Refreshing native plugins compatible for Editor in 0.57 ms, found 7 plugins.
Preloading 1 native plugins for Editor in 0.10 ms.
Unloading 2102 Unused Serialized files (Serialized files now loaded: 0)
System memory in use before: 91.3 MB.
System memory in use after: 91.4 MB.

Unloading 12 unused Assets to reduce memory usage. Loaded Objects now: 2642.
Total: 5.720700 ms (FindLiveObjects: 0.588600 ms CreateObjectMapping: 0.263500 ms MarkObjects: 4.677800 ms  DeleteObjects: 0.187900 ms)

AssetImportParameters requested are different than current active one (requested -> active):
  custom:graphics/normal-map-encoding: 01000000000000000000000000000000 -> 02000000000000000000000000000000
========================================================================
Received Prepare
Refreshing native plugins compatible for Editor in 3.45 ms, found 7 plugins.
Preloading 1 native plugins for Editor in 0.10 ms.
Unloading 9 Unused Serialized files (Serialized files now loaded: 0)
System memory in use before: 49.9 MB.
System memory in use after: 50.0 MB.

Unloading 9 unused Assets to reduce memory usage. Loaded Objects now: 2642.
Total: 2.533300 ms (FindLiveObjects: 0.244500 ms CreateObjectMapping: 0.106700 ms MarkObjects: 2.092500 ms  DeleteObjects: 0.088100 ms)

========================================================================
Received Prepare
Registering precompiled user dll's ...
Registered in 0.034310 seconds.
Begin MonoManager ReloadAssembly
Native extension for WindowsStandalone target not found
Refreshing native plugins compatible for Editor in 0.75 ms, found 7 plugins.
Preloading 1 native plugins for Editor in 0.14 ms.
Mono: successfully reloaded assembly
- Completed reload, in  1.332 seconds
Platform modules already initialized, skipping
Switching build target platform(5) subTarget(0) extendedPlatform(0) -> platform(13) subTarget(589824) extendedPlatform(0)
Refreshing native plugins compatible for Editor in 1.52 ms, found 7 plugins.
Preloading 1 native plugins for Editor in 0.22 ms.
Unloading 2102 Unused Serialized files (Serialized files now loaded: 0)
System memory in use before: 91.3 MB.
System memory in use after: 91.4 MB.

Unloading 13 unused Assets to reduce memory usage. Loaded Objects now: 2646.
Total: 2.222600 ms (FindLiveObjects: 0.310700 ms CreateObjectMapping: 0.106300 ms MarkObjects: 1.712100 ms  DeleteObjects: 0.092300 ms)

AssetImportParameters requested are different than current active one (requested -> active):
  custom:graphics/normal-map-encoding: 01000000000000000000000000000000 -> 02000000000000000000000000000000
========================================================================
Received Prepare
Refreshing native plugins compatible for Editor in 6.33 ms, found 7 plugins.
Preloading 1 native plugins for Editor in 0.13 ms.
Unloading 10 Unused Serialized files (Serialized files now loaded: 0)
System memory in use before: 50.0 MB.
System memory in use after: 50.1 MB.

Unloading 9 unused Assets to reduce memory usage. Loaded Objects now: 2647.
Total: 3.855700 ms (FindLiveObjects: 0.435200 ms CreateObjectMapping: 0.573800 ms MarkObjects: 2.764900 ms  DeleteObjects: 0.080100 ms)

========================================================================
Received Prepare
Refreshing native plugins compatible for Editor in 3.96 ms, found 7 plugins.
Preloading 1 native plugins for Editor in 0.15 ms.
Unloading 9 Unused Serialized files (Serialized files now loaded: 0)
System memory in use before: 49.9 MB.
System memory in use after: 50.0 MB.

Unloading 9 unused Assets to reduce memory usage. Loaded Objects now: 2647.
Total: 30.145300 ms (FindLiveObjects: 0.875400 ms CreateObjectMapping: 0.087100 ms MarkObjects: 29.084300 ms  DeleteObjects: 0.097000 ms)

